<?xml version="1.0" encoding="UTF-8"?>
<!-- Generated by org.testng.reporters.JUnitReportReporter -->
<testsuite hostname="NayanAgashe" failures="0" tests="1" name="jenkinsSampleTesting.UITest" time="11.215" errors="0" timestamp="2023-03-28T15:18:28 IST" skipped="0">
  <testcase classname="jenkinsSampleTesting.UITest" name="startBrowser" time="11.215"/>
  <system-out/>
</testsuite> <!-- jenkinsSampleTesting.UITest -->
