<?xml version="1.0" encoding="UTF-8"?>
<!-- Generated by org.testng.reporters.JUnitReportReporter -->
<testsuite hostname="NayanAgashe" failures="0" tests="3" name="com.test.SampleTest" time="7.931" errors="0" timestamp="2023-03-27T12:26:46 IST" skipped="0">
  <testcase classname="com.test.SampleTest" name="testCase3" time="1.953"/>
  <system-out/>
  <testcase classname="com.test.SampleTest" name="testCase1" time="3.211"/>
  <system-out/>
  <testcase classname="com.test.SampleTest" name="testCase2" time="2.767"/>
  <system-out/>
</testsuite> <!-- com.test.SampleTest -->
