<?xml version="1.0" encoding="UTF-8"?>
<!-- Generated by org.testng.reporters.JUnitReportReporter -->
<testsuite hostname="NayanAgashe" failures="0" tests="1" name="jenkinsSampleTesting.UITest" time="10.035" errors="0" timestamp="2023-03-27T18:41:22 IST" skipped="0">
  <testcase classname="jenkinsSampleTesting.UITest" name="startBrowser" time="10.035"/>
  <system-out/>
</testsuite> <!-- jenkinsSampleTesting.UITest -->
